<?xml version="1.0" encoding="UTF-8"?>
<!-- Generated by org.testng.reporters.JUnitXMLReporter -->
<testsuite hostname="yerkhat-lenovo-g50" failures="0" tests="3" name="Registration ChromeTest" time="6.205" errors="0" timestamp="18 Jun 2019 08:03:21 GMT">
  <testcase classname="kz.beeline.test.testcases.RegistrationTest" name="@BeforeTest beforeTest" time="0.0">
    <failure type="java.lang.IllegalStateException" message="The driver executable does not exist: /home/yerkhat96/IdeaProjects/hehe/nullchromedriver">
      <![CDATA[java.lang.IllegalStateException: The driver executable does not exist: /home/yerkhat96/IdeaProjects/hehe/nullchromedriver
	at com.google.common.base.Preconditions.checkState(Preconditions.java:534)
	at org.openqa.selenium.remote.service.DriverService.checkExecutable(DriverService.java:136)
	at org.openqa.selenium.remote.service.DriverService.findExecutable(DriverService.java:131)
	at org.openqa.selenium.chrome.ChromeDriverService.access$000(ChromeDriverService.java:32)
	at org.openqa.selenium.chrome.ChromeDriverService$Builder.findDefaultExecutable(ChromeDriverService.java:137)
	at org.openqa.selenium.remote.service.DriverService$Builder.build(DriverService.java:329)
	at org.openqa.selenium.chrome.ChromeDriverService.createDefaultService(ChromeDriverService.java:88)
	at org.openqa.selenium.chrome.ChromeDriver.<init>(ChromeDriver.java:123)
	at kz.beeline.test.interfaces.TestBase.beforeTest(TestBase.java:22)
	at java.base/java.util.concurrent.FutureTask.run(FutureTask.java:264)
	at java.base/java.util.concurrent.ThreadPoolExecutor.runWorker(ThreadPoolExecutor.java:1135)
	at java.base/java.util.concurrent.ThreadPoolExecutor$Worker.run(ThreadPoolExecutor.java:635)
	at java.base/java.lang.Thread.run(Thread.java:844)
... Removed 14 stack frames]]>
    </failure>
  </testcase> <!-- @BeforeTest beforeTest -->
  <testcase classname="kz.beeline.test.testcases.RegistrationTest" name="@AfterTest afterTest" time="0.0">
    <skipped/>
  </testcase> <!-- @AfterTest afterTest -->
  <testcase classname="kz.beeline.test.testcases.RegistrationTest" name="test" time="0.015">
    <skipped/>
  </testcase> <!-- test -->
  <testcase classname="kz.beeline.test.testcases.RegistrationTest" name="test" time="0.003">
    <skipped/>
  </testcase> <!-- test -->
  <testcase classname="kz.beeline.test.testcases.RegistrationTest" name="test" time="0.002">
    <skipped/>
  </testcase> <!-- test -->
</testsuite> <!-- Registration ChromeTest -->
